2024-11-13 08:54:17 INFO  c.example.board.demo.DemoApplication - Starting DemoApplication using Java 17.0.12 with PID 12648 (C:\Users\Ever1_NT143\git\board1106\demo\target\classes started by Ever1_NT143 in C:\Users\Ever1_NT143\git\board1106\demo)
2024-11-13 08:54:17 INFO  c.example.board.demo.DemoApplication - No active profile set, falling back to 1 default profile: "default"
2024-11-13 08:54:17 INFO  o.s.d.r.c.RepositoryConfigurationDelegate - Bootstrapping Spring Data JDBC repositories in DEFAULT mode.
2024-11-13 08:54:17 INFO  o.s.d.r.c.RepositoryConfigurationDelegate - Finished Spring Data repository scanning in 0 ms. Found 0 JDBC repository interfaces.
2024-11-13 08:54:17 INFO  o.s.b.w.e.tomcat.TomcatWebServer - Tomcat initialized with port 8080 (http)
2024-11-13 08:54:17 INFO  o.a.catalina.core.StandardService - Starting service [Tomcat]
2024-11-13 08:54:17 INFO  o.a.catalina.core.StandardEngine - Starting Servlet engine: [Apache Tomcat/10.1.31]
2024-11-13 08:54:17 INFO  o.apache.jasper.servlet.TldScanner - At least one JAR was scanned for TLDs yet contained no TLDs. Enable debug logging for this logger for a complete list of JARs that were scanned but no TLDs were found in them. Skipping unneeded JARs during scanning can improve startup time and JSP compilation time.
2024-11-13 08:54:17 INFO  o.a.c.c.C.[Tomcat].[localhost].[/] - Initializing Spring embedded WebApplicationContext
2024-11-13 08:54:17 INFO  o.s.b.w.s.c.ServletWebServerApplicationContext - Root WebApplicationContext: initialization completed in 133 ms
2024-11-13 08:54:17 INFO  o.s.b.a.w.s.WelcomePageHandlerMapping - Adding welcome page template: index
2024-11-13 08:54:17 INFO  com.zaxxer.hikari.HikariDataSource - HikariPool-4 - Starting...
2024-11-13 08:54:17 INFO  com.zaxxer.hikari.pool.HikariPool - HikariPool-4 - Added connection ConnectionID:31 ClientConnectionId: 67dbd1f2-bc3f-46d4-adbc-e6c3bb31c97c
2024-11-13 08:54:17 INFO  com.zaxxer.hikari.HikariDataSource - HikariPool-4 - Start completed.
2024-11-13 08:54:17 WARN  o.s.data.convert.CustomConversions - Registering converter from class microsoft.sql.DateTimeOffset to class java.time.OffsetDateTime as reading converter although it doesn't convert from a store-supported type; You might want to check your annotation setup at the converter implementation
2024-11-13 08:54:17 INFO  o.s.b.d.a.OptionalLiveReloadServer - LiveReload server is running on port 35729
2024-11-13 08:54:17 INFO  o.s.b.w.e.tomcat.TomcatWebServer - Tomcat started on port 8080 (http) with context path '/'
2024-11-13 08:54:17 INFO  c.example.board.demo.DemoApplication - Started DemoApplication in 0.28 seconds (process running for 1213.512)
2024-11-13 08:54:17 INFO  o.s.b.d.a.ConditionEvaluationDeltaLoggingListener - Condition evaluation unchanged
2024-11-13 08:54:54 INFO  o.a.c.c.C.[Tomcat].[localhost].[/] - Initializing Spring DispatcherServlet 'dispatcherServlet'
2024-11-13 08:54:54 INFO  o.s.web.servlet.DispatcherServlet - Initializing Servlet 'dispatcherServlet'
2024-11-13 08:54:54 INFO  o.s.web.servlet.DispatcherServlet - Completed initialization in 3 ms
2024-11-13 08:58:23 INFO  o.s.b.d.a.LocalDevToolsAutoConfiguration$RestartingClassPathChangeChangedEventListener - Restarting due to 1 class path change (0 additions, 0 deletions, 1 modification)
2024-11-13 08:58:23 INFO  com.zaxxer.hikari.HikariDataSource - HikariPool-4 - Shutdown initiated...
2024-11-13 08:58:23 INFO  com.zaxxer.hikari.HikariDataSource - HikariPool-4 - Shutdown completed.
2024-11-13 08:58:23 INFO  c.example.board.demo.DemoApplication - Starting DemoApplication using Java 17.0.12 with PID 12648 (C:\Users\Ever1_NT143\git\board1106\demo\target\classes started by Ever1_NT143 in C:\Users\Ever1_NT143\git\board1106\demo)
2024-11-13 08:58:23 INFO  c.example.board.demo.DemoApplication - No active profile set, falling back to 1 default profile: "default"
2024-11-13 08:58:23 INFO  o.s.d.r.c.RepositoryConfigurationDelegate - Bootstrapping Spring Data JDBC repositories in DEFAULT mode.
2024-11-13 08:58:23 INFO  o.s.d.r.c.RepositoryConfigurationDelegate - Finished Spring Data repository scanning in 1 ms. Found 0 JDBC repository interfaces.
2024-11-13 08:58:23 INFO  o.s.b.w.e.tomcat.TomcatWebServer - Tomcat initialized with port 8080 (http)
2024-11-13 08:58:23 INFO  o.a.catalina.core.StandardService - Starting service [Tomcat]
2024-11-13 08:58:23 INFO  o.a.catalina.core.StandardEngine - Starting Servlet engine: [Apache Tomcat/10.1.31]
2024-11-13 08:58:23 INFO  o.apache.jasper.servlet.TldScanner - At least one JAR was scanned for TLDs yet contained no TLDs. Enable debug logging for this logger for a complete list of JARs that were scanned but no TLDs were found in them. Skipping unneeded JARs during scanning can improve startup time and JSP compilation time.
2024-11-13 08:58:23 INFO  o.a.c.c.C.[Tomcat].[localhost].[/] - Initializing Spring embedded WebApplicationContext
2024-11-13 08:58:23 INFO  o.s.b.w.s.c.ServletWebServerApplicationContext - Root WebApplicationContext: initialization completed in 217 ms
2024-11-13 08:58:23 INFO  o.s.b.a.w.s.WelcomePageHandlerMapping - Adding welcome page template: index
2024-11-13 08:58:24 INFO  com.zaxxer.hikari.HikariDataSource - HikariPool-5 - Starting...
2024-11-13 08:58:24 INFO  com.zaxxer.hikari.pool.HikariPool - HikariPool-5 - Added connection ConnectionID:41 ClientConnectionId: fb817a71-bf1e-46c6-b595-f3defd24b2d9
2024-11-13 08:58:24 INFO  com.zaxxer.hikari.HikariDataSource - HikariPool-5 - Start completed.
2024-11-13 08:58:24 WARN  o.s.data.convert.CustomConversions - Registering converter from class microsoft.sql.DateTimeOffset to class java.time.OffsetDateTime as reading converter although it doesn't convert from a store-supported type; You might want to check your annotation setup at the converter implementation
2024-11-13 08:58:24 INFO  o.s.b.d.a.OptionalLiveReloadServer - LiveReload server is running on port 35729
2024-11-13 08:58:24 INFO  o.s.b.w.e.tomcat.TomcatWebServer - Tomcat started on port 8080 (http) with context path '/'
2024-11-13 08:58:24 INFO  c.example.board.demo.DemoApplication - Started DemoApplication in 0.374 seconds (process running for 1459.727)
2024-11-13 08:58:24 INFO  o.s.b.d.a.ConditionEvaluationDeltaLoggingListener - Condition evaluation unchanged
2024-11-13 08:58:30 INFO  o.s.b.d.a.LocalDevToolsAutoConfiguration$RestartingClassPathChangeChangedEventListener - Restarting due to 1 class path change (0 additions, 1 deletion, 0 modifications)
2024-11-13 08:58:30 INFO  com.zaxxer.hikari.HikariDataSource - HikariPool-5 - Shutdown initiated...
2024-11-13 08:58:30 INFO  com.zaxxer.hikari.HikariDataSource - HikariPool-5 - Shutdown completed.
